0 info it worked if it ends with ok
1 verbose cli [ 'node', '/usr/local/bin/npm', 'install', '-g', 'nodemon' ]
2 info using npm@2.7.4
3 info using node@v0.12.2
4 silly cache add args [ 'nodemon', null ]
5 verbose cache add spec nodemon
6 silly cache add parsed spec { raw: 'nodemon',
6 silly cache add   scope: null,
6 silly cache add   name: 'nodemon',
6 silly cache add   rawSpec: '',
6 silly cache add   spec: '*',
6 silly cache add   type: 'range' }
7 verbose addNamed nodemon@*
8 silly addNamed semver.valid null
9 silly addNamed semver.validRange *
10 silly addNameRange { name: 'nodemon', range: '*', hasData: false }
11 silly mapToRegistry name nodemon
12 silly mapToRegistry using default registry
13 silly mapToRegistry registry https://registry.npmjs.org/
14 silly mapToRegistry uri https://registry.npmjs.org/nodemon
15 verbose addNameRange registry:https://registry.npmjs.org/nodemon not in flight; fetching
16 verbose request uri https://registry.npmjs.org/nodemon
17 verbose request no auth needed
18 info attempt registry request try #1 at 22:07:07
19 verbose request id 9afe48d921569ed6
20 http request GET https://registry.npmjs.org/nodemon
21 http 200 https://registry.npmjs.org/nodemon
22 silly get cb [ 200,
22 silly get   { server: 'CouchDB/1.5.0 (Erlang OTP/R16B03)',
22 silly get     etag: '"8D1669QR3GKLUNNBH16LHWXE7"',
22 silly get     'content-type': 'application/json',
22 silly get     'cache-control': 'max-age=60',
22 silly get     'content-length': '179355',
22 silly get     'accept-ranges': 'bytes',
22 silly get     date: 'Sun, 25 Oct 2015 21:07:07 GMT',
22 silly get     via: '1.1 varnish',
22 silly get     age: '57',
22 silly get     connection: 'keep-alive',
22 silly get     'x-served-by': 'cache-ams4125-AMS',
22 silly get     'x-cache': 'HIT',
22 silly get     'x-cache-hits': '1',
22 silly get     'x-timer': 'S1445807227.105736,VS0,VE1',
22 silly get     vary: 'Accept' } ]
23 verbose get saving nodemon to /Users/timtim/.npm/registry.npmjs.org/nodemon/.cache.json
24 silly addNameRange number 2 { name: 'nodemon', range: '*', hasData: true }
25 silly addNameRange versions [ 'nodemon',
25 silly addNameRange   [ '0.1.4',
25 silly addNameRange     '0.1.5',
25 silly addNameRange     '0.1.6',
25 silly addNameRange     '0.1.7',
25 silly addNameRange     '0.1.8',
25 silly addNameRange     '0.2.0',
25 silly addNameRange     '0.2.1',
25 silly addNameRange     '0.2.2',
25 silly addNameRange     '0.3.0',
25 silly addNameRange     '0.3.1',
25 silly addNameRange     '0.3.2',
25 silly addNameRange     '0.4.0',
25 silly addNameRange     '0.4.1',
25 silly addNameRange     '0.5.0',
25 silly addNameRange     '0.5.1',
25 silly addNameRange     '0.5.2',
25 silly addNameRange     '0.5.3',
25 silly addNameRange     '0.5.4',
25 silly addNameRange     '0.5.5',
25 silly addNameRange     '0.5.6',
25 silly addNameRange     '0.5.7',
25 silly addNameRange     '0.6.0',
25 silly addNameRange     '0.6.1',
25 silly addNameRange     '0.6.2',
25 silly addNameRange     '0.6.3',
25 silly addNameRange     '0.6.4',
25 silly addNameRange     '0.6.5',
25 silly addNameRange     '0.6.6',
25 silly addNameRange     '0.6.7',
25 silly addNameRange     '0.6.8',
25 silly addNameRange     '0.6.9',
25 silly addNameRange     '0.6.10',
25 silly addNameRange     '0.6.11',
25 silly addNameRange     '0.6.12',
25 silly addNameRange     '0.6.13',
25 silly addNameRange     '0.6.14',
25 silly addNameRange     '0.6.15',
25 silly addNameRange     '0.6.16',
25 silly addNameRange     '0.6.17',
25 silly addNameRange     '0.6.18',
25 silly addNameRange     '0.6.19',
25 silly addNameRange     '0.6.20',
25 silly addNameRange     '0.6.21',
25 silly addNameRange     '0.6.22',
25 silly addNameRange     '0.6.23',
25 silly addNameRange     '0.7.0',
25 silly addNameRange     '0.7.1',
25 silly addNameRange     '0.7.2',
25 silly addNameRange     '0.7.3',
25 silly addNameRange     '0.7.4',
25 silly addNameRange     '0.7.5',
25 silly addNameRange     '0.7.6',
25 silly addNameRange     '0.7.7',
25 silly addNameRange     '0.7.8',
25 silly addNameRange     '0.7.10',
25 silly addNameRange     '0.9.0',
25 silly addNameRange     '0.9.1',
25 silly addNameRange     '0.9.2',
25 silly addNameRange     '0.9.3',
25 silly addNameRange     '0.9.5',
25 silly addNameRange     '0.9.6',
25 silly addNameRange     '0.9.7',
25 silly addNameRange     '0.9.10',
25 silly addNameRange     '0.9.11',
25 silly addNameRange     '0.9.12',
25 silly addNameRange     '0.9.14',
25 silly addNameRange     '0.9.16',
25 silly addNameRange     '0.9.17',
25 silly addNameRange     '1.0.0',
25 silly addNameRange     '1.0.1',
25 silly addNameRange     '1.0.2',
25 silly addNameRange     '1.0.2-rc',
25 silly addNameRange     '0.6.10-a',
25 silly addNameRange     '1.0.2-rc3',
25 silly addNameRange     '1.0.2-rc4',
25 silly addNameRange     '1.0.3',
25 silly addNameRange     '1.0.4',
25 silly addNameRange     '1.0.5',
25 silly addNameRange     '1.0.6',
25 silly addNameRange     '1.0.7',
25 silly addNameRange     '1.0.8',
25 silly addNameRange     '1.0.9',
25 silly addNameRange     '1.0.10',
25 silly addNameRange     '1.0.11',
25 silly addNameRange     '1.0.12',
25 silly addNameRange     '1.0.13',
25 silly addNameRange     '1.0.14',
25 silly addNameRange     '1.0.15',
25 silly addNameRange     '1.0.16',
25 silly addNameRange     '1.0.17-rc1',
25 silly addNameRange     '1.0.17-rc2',
25 silly addNameRange     '1.0.17',
25 silly addNameRange     '1.0.18',
25 silly addNameRange     '1.0.19',
25 silly addNameRange     '1.0.20',
25 silly addNameRange     '1.1.0-alpha',
25 silly addNameRange     '1.1.0',
25 silly addNameRange     '1.1.1',
25 silly addNameRange     '1.2.0',
25 silly addNameRange     '1.2.1',
25 silly addNameRange     '1.3.0-0',
25 silly addNameRange     '1.3.0-1',
25 silly addNameRange     '1.3.0-2',
25 silly addNameRange     '1.3.0-3',
25 silly addNameRange     '1.3.0-4',
25 silly addNameRange     '1.3.0-5',
25 silly addNameRange     '1.3.0-6',
25 silly addNameRange     '1.3.0-7',
25 silly addNameRange     '1.3.0',
25 silly addNameRange     '1.3.1',
25 silly addNameRange     '1.3.2',
25 silly addNameRange     '1.3.3',
25 silly addNameRange     '1.3.5',
25 silly addNameRange     '1.3.6',
25 silly addNameRange     '1.3.7',
25 silly addNameRange     '1.3.8',
25 silly addNameRange     '1.4.0',
25 silly addNameRange     '1.4.1',
25 silly addNameRange     '1.5.0-alpha1',
25 silly addNameRange     '1.5.0-alpha2',
25 silly addNameRange     '1.5.0-alpha3',
25 silly addNameRange     '1.5.0-alpha4',
25 silly addNameRange     '1.4.2',
25 silly addNameRange     '1.5.0',
25 silly addNameRange     '1.5.1',
25 silly addNameRange     '1.6.0',
25 silly addNameRange     '1.6.1',
25 silly addNameRange     '1.7.0',
25 silly addNameRange     '1.7.1',
25 silly addNameRange     '1.7.2',
25 silly addNameRange     '1.7.3',
25 silly addNameRange     '1.8.0' ] ]
26 verbose addNamed nodemon@1.8.0
27 silly addNamed semver.valid 1.8.0
28 silly addNamed semver.validRange 1.8.0
29 silly mapToRegistry name nodemon
30 silly mapToRegistry using default registry
31 silly mapToRegistry registry https://registry.npmjs.org/
32 silly mapToRegistry uri https://registry.npmjs.org/nodemon
33 verbose addRemoteTarball https://registry.npmjs.org/nodemon/-/nodemon-1.8.0.tgz not in flight; adding
34 verbose addRemoteTarball [ 'https://registry.npmjs.org/nodemon/-/nodemon-1.8.0.tgz',
34 verbose addRemoteTarball   '37114e9d1b231975a8be9d36572c99338161fbae' ]
35 info retry fetch attempt 1 at 22:07:08
36 info attempt registry request try #1 at 22:07:08
37 http fetch GET https://registry.npmjs.org/nodemon/-/nodemon-1.8.0.tgz
38 http fetch 200 https://registry.npmjs.org/nodemon/-/nodemon-1.8.0.tgz
39 silly fetchAndShaCheck shasum 37114e9d1b231975a8be9d36572c99338161fbae
40 verbose addTmpTarball /var/folders/44/99s80qts4nz6fphrc3z_wdkr0000gn/T/npm-2886-57135166/registry.npmjs.org/nodemon/-/nodemon-1.8.0.tgz not in flight; adding
41 verbose addTmpTarball already have metadata; skipping unpack for nodemon@1.8.0
42 silly cache afterAdd nodemon@1.8.0
43 verbose afterAdd /Users/timtim/.npm/nodemon/1.8.0/package/package.json not in flight; writing
44 verbose afterAdd /Users/timtim/.npm/nodemon/1.8.0/package/package.json written
45 silly install resolved [ { name: 'nodemon',
45 silly install resolved     homepage: 'http://nodemon.io',
45 silly install resolved     author: { name: 'Remy Sharp', url: 'http://github.com/remy' },
45 silly install resolved     bin: { nodemon: './bin/nodemon.js' },
45 silly install resolved     engines: { node: '>=0.8' },
45 silly install resolved     repository: { type: 'git', url: 'git+https://github.com/remy/nodemon.git' },
45 silly install resolved     description: 'Simple monitor script for use during development of a node.js app.',
45 silly install resolved     keywords:
45 silly install resolved      [ 'monitor',
45 silly install resolved        'development',
45 silly install resolved        'restart',
45 silly install resolved        'autoload',
45 silly install resolved        'reload',
45 silly install resolved        'terminal' ],
45 silly install resolved     preferGlobal: 'true',
45 silly install resolved     license: 'MIT',
45 silly install resolved     main: './lib/nodemon',
45 silly install resolved     scripts:
45 silly install resolved      { coverage: 'istanbul cover _mocha -- --timeout 30000 --ui bdd --reporter list test/**/*.test.js',
45 silly install resolved        lint: 'jscs lib/**/*.js -v',
45 silly install resolved        ':spec': 'mocha --timeout 30000 --ui bdd test/**/*.test.js',
45 silly install resolved        test: 'npm run lint && npm run spec',
45 silly install resolved        spec: 'for FILE in test/**/*.test.js; do echo $FILE; ./node_modules/.bin/mocha --timeout 30000 $FILE; if [ $? -ne 0 ]; then exit 1; fi; sleep 1; done',
45 silly install resolved        web: 'node web',
45 silly install resolved        'semantic-release': 'semantic-release pre && npm publish && semantic-release post' },
45 silly install resolved     devDependencies:
45 silly install resolved      { async: '1.4.2',
45 silly install resolved        'coffee-script': '~1.7.1',
45 silly install resolved        connect: '~2.19.1',
45 silly install resolved        istanbul: '~0.2.10',
45 silly install resolved        jscs: '2.1.1',
45 silly install resolved        mocha: '2.3.3',
45 silly install resolved        should: '~4.0.0',
45 silly install resolved        'semantic-release': '4.3.5' },
45 silly install resolved     dependencies:
45 silly install resolved      { chokidar: '^1.2.0',
45 silly install resolved        debug: '^2.2.0',
45 silly install resolved        'es6-promise': '^3.0.2',
45 silly install resolved        'lodash.defaults': '^3.1.2',
45 silly install resolved        minimatch: '^3.0.0',
45 silly install resolved        'ps-tree': '^1.0.1',
45 silly install resolved        touch: '1.0.0',
45 silly install resolved        undefsafe: '0.0.3',
45 silly install resolved        'update-notifier': '0.5.0' },
45 silly install resolved     version: '1.8.0',
45 silly install resolved     gitHead: 'f5d1a04cc80f1bc963c20627177e545be42aeee7',
45 silly install resolved     bugs: { url: 'https://github.com/remy/nodemon/issues' },
45 silly install resolved     _id: 'nodemon@1.8.0',
45 silly install resolved     _shasum: '37114e9d1b231975a8be9d36572c99338161fbae',
45 silly install resolved     _from: 'nodemon@*',
45 silly install resolved     _npmVersion: '2.14.8',
45 silly install resolved     _nodeVersion: '4.2.1',
45 silly install resolved     _npmUser: { name: 'remy', email: 'remy@leftlogic.com' },
45 silly install resolved     dist:
45 silly install resolved      { shasum: '37114e9d1b231975a8be9d36572c99338161fbae',
45 silly install resolved        tarball: 'http://registry.npmjs.org/nodemon/-/nodemon-1.8.0.tgz' },
45 silly install resolved     maintainers: [ [Object] ],
45 silly install resolved     directories: {},
45 silly install resolved     _resolved: 'https://registry.npmjs.org/nodemon/-/nodemon-1.8.0.tgz' } ]
46 info install nodemon@1.8.0 into /usr/local/lib
47 info installOne nodemon@1.8.0
48 verbose installOne of nodemon to /usr/local/lib not in flight; installing
49 verbose lock using /Users/timtim/.npm/_locks/nodemon-49f7ed19e778991e.lock for /usr/local/lib/node_modules/nodemon
50 silly install write writing nodemon 1.8.0 to /usr/local/lib/node_modules/nodemon
51 silly cache addNamed cb nodemon@1.8.0
52 verbose unbuild lib/node_modules/nodemon
53 silly gentlyRm /usr/local/lib/node_modules/nodemon is being purged from base /usr/local
54 verbose gentlyRm don't care about contents; nuking /usr/local/lib/node_modules/nodemon
55 verbose tar unpack /Users/timtim/.npm/nodemon/1.8.0/package.tgz
56 verbose tar unpacking to /usr/local/lib/node_modules/nodemon
57 silly gentlyRm /usr/local/lib/node_modules/nodemon is being purged
58 verbose gentlyRm don't care about contents; nuking /usr/local/lib/node_modules/nodemon
59 silly gunzTarPerm modes [ '755', '644' ]
60 error tar.unpack untar error /Users/timtim/.npm/nodemon/1.8.0/package.tgz
61 verbose unlock done using /Users/timtim/.npm/_locks/nodemon-49f7ed19e778991e.lock for /usr/local/lib/node_modules/nodemon
62 verbose fstream_path /usr/local/lib/node_modules/nodemon
63 verbose fstream_type Directory
64 verbose fstream_class DirWriter
65 verbose stack Error: EACCES, mkdir '/usr/local/lib/node_modules/nodemon'
65 verbose stack     at Error (native)
66 verbose fstream_stack /usr/local/lib/node_modules/npm/node_modules/fstream/lib/dir-writer.js:36:23
66 verbose fstream_stack /usr/local/lib/node_modules/npm/node_modules/mkdirp/index.js:46:53
66 verbose fstream_stack FSReqWrap.oncomplete (fs.js:95:15)
67 verbose cwd /Users/timtim/Desktop/contacts
68 error Darwin 14.5.0
69 error argv "node" "/usr/local/bin/npm" "install" "-g" "nodemon"
70 error node v0.12.2
71 error npm  v2.7.4
72 error path /usr/local/lib/node_modules/nodemon
73 error code EACCES
74 error errno -13
75 error Error: EACCES, mkdir '/usr/local/lib/node_modules/nodemon'
75 error     at Error (native)
75 error  { [Error: EACCES, mkdir '/usr/local/lib/node_modules/nodemon']
75 error   errno: -13,
75 error   code: 'EACCES',
75 error   path: '/usr/local/lib/node_modules/nodemon',
75 error   fstream_type: 'Directory',
75 error   fstream_path: '/usr/local/lib/node_modules/nodemon',
75 error   fstream_class: 'DirWriter',
75 error   fstream_stack:
75 error    [ '/usr/local/lib/node_modules/npm/node_modules/fstream/lib/dir-writer.js:36:23',
75 error      '/usr/local/lib/node_modules/npm/node_modules/mkdirp/index.js:46:53',
75 error      'FSReqWrap.oncomplete (fs.js:95:15)' ] }
76 error Please try running this command again as root/Administrator.
77 verbose exit [ -13, true ]
78 verbose unbuild lib/node_modules/nodemon
79 silly gentlyRm /usr/local/lib/node_modules/nodemon is being purged from base /usr/local
80 verbose gentlyRm don't care about contents; nuking /usr/local/lib/node_modules/nodemon
